{"synthetic": false,
 "schemaVersion": "2025-09-10",
 "outputs":
 {"o": ["d4f997ce8ff2e088.olean"],
  "i": "f2d7c874f737ee6f.ilean",
  "c": "7e56b887be47ccc5.c"},
 "log":
 [{"message":
   ".> LEAN_PATH=/Users/eatik_1/git/cee/kleis/examples/mathematics/lean/atik/.lake/packages/Cli/.lake/build/lib/lean:/Users/eatik_1/git/cee/kleis/examples/mathematics/lean/atik/.lake/packages/batteries/.lake/build/lib/lean:/Users/eatik_1/git/cee/kleis/examples/mathematics/lean/atik/.lake/packages/Qq/.lake/build/lib/lean:/Users/eatik_1/git/cee/kleis/examples/mathematics/lean/atik/.lake/packages/aesop/.lake/build/lib/lean:/Users/eatik_1/git/cee/kleis/examples/mathematics/lean/atik/.lake/packages/proofwidgets/.lake/build/lib/lean:/Users/eatik_1/git/cee/kleis/examples/mathematics/lean/atik/.lake/packages/importGraph/.lake/build/lib/lean:/Users/eatik_1/git/cee/kleis/examples/mathematics/lean/atik/.lake/packages/LeanSearchClient/.lake/build/lib/lean:/Users/eatik_1/git/cee/kleis/examples/mathematics/lean/atik/.lake/packages/plausible/.lake/build/lib/lean:/Users/eatik_1/git/cee/kleis/examples/mathematics/lean/atik/.lake/packages/mathlib/.lake/build/lib/lean:/Users/eatik_1/git/cee/kleis/examples/mathematics/lean/atik/.lake/build/lib/lean /Users/eatik_1/.elan/toolchains/leanprover--lean4---v4.29.0-rc6/bin/lean /Users/eatik_1/git/cee/kleis/examples/mathematics/lean/atik/AtikConjecture.lean -o /Users/eatik_1/git/cee/kleis/examples/mathematics/lean/atik/.lake/build/lib/lean/AtikConjecture.olean -i /Users/eatik_1/git/cee/kleis/examples/mathematics/lean/atik/.lake/build/lib/lean/AtikConjecture.ilean -c /Users/eatik_1/git/cee/kleis/examples/mathematics/lean/atik/.lake/build/ir/AtikConjecture.c --setup /Users/eatik_1/git/cee/kleis/examples/mathematics/lean/atik/.lake/build/ir/AtikConjecture.setup.json --json",
   "level": "trace"}],
 "inputs":
 [["AtikConjecture:deps",
   [["deps",
     [["atik/AtikConjecture:extraDep",
       [["@atik:extraDep", "00000000000006bb"]]],
      ["imports",
       [["AtikConjecture.Basic transitive imports (legacy)",
         "6113d5ea75109fa2"],
        ["AtikConjecture.Basic:importAllArts", "7a2805f496200762"],
        ["AtikConjecture.BlockExtension transitive imports (legacy)",
         "a5d4349b3e751dec"],
        ["AtikConjecture.BlockExtension:importAllArts", "51cb031d65329b42"],
        ["AtikConjecture.StructureTheorem transitive imports (legacy)",
         "5caa9e1b90176755"],
        ["AtikConjecture.StructureTheorem:importAllArts", "fc8c9392da01b7e3"],
        ["AtikConjecture.Convergence transitive imports (legacy)",
         "55b8c53294387458"],
        ["AtikConjecture.Convergence:importAllArts", "9d989dd2e5e4a2fb"],
        ["AtikConjecture.Main transitive imports (legacy)", "f900844d7184818a"],
        ["AtikConjecture.Main:importAllArts", "3a08abbf04644f6f"],
        ["AtikConjecture.BanachConvergence transitive imports (legacy)",
         "82e83279691598fd"],
        ["AtikConjecture.BanachConvergence:importAllArts", "99554d18f0390508"],
        ["AtikConjecture.VarianceReduction transitive imports (legacy)",
         "bd60d2227cb1b7fd"],
        ["AtikConjecture.VarianceReduction:importAllArts",
         "1d60b73c18e272b0"]]]]],
    ["libs",
     [["import dynlibs", "00000000000006bb"],
      ["package external libraries", "00000000000006bb"],
      ["module dynlibs", "00000000000006bb"],
      ["module plugins", "00000000000006bb"]]]]],
  ["Lean 4.29.0, commit 00659f8e6071d7e46131ed643bf8003b99b044e9",
   "d4ef66a63896cd60"],
  ["/Users/eatik_1/git/cee/kleis/examples/mathematics/lean/atik/AtikConjecture.lean",
   "26e89bbf62e8b71a"],
  ["options", [["-DautoImplicit=false", "4a85acb881fd49d0"]]],
  ["isModule: false", "feefd2a0d3a1847e"],
  ["Module.name: AtikConjecture", "31df90b53bf5a1a2"],
  ["Package.id?: (some atik)", "9a0526596a886899"],
  ["Module.leanArgs: #[]", "00000000000006bb"]],
 "depHash": "85b4216e27d466fe"}