{"synthetic": false,
 "schemaVersion": "2025-09-10",
 "outputs":
 {"o": ["7147a20da995a07a.olean"],
  "i": "c018aef5e9703659.ilean",
  "c": "34ae4b02d271fbff.c"},
 "log":
 [{"message":
   ".> LEAN_PATH=/Users/eatik_1/git/cee/kleis/examples/mathematics/lean/atik/.lake/packages/Cli/.lake/build/lib/lean:/Users/eatik_1/git/cee/kleis/examples/mathematics/lean/atik/.lake/packages/batteries/.lake/build/lib/lean:/Users/eatik_1/git/cee/kleis/examples/mathematics/lean/atik/.lake/packages/Qq/.lake/build/lib/lean:/Users/eatik_1/git/cee/kleis/examples/mathematics/lean/atik/.lake/packages/aesop/.lake/build/lib/lean:/Users/eatik_1/git/cee/kleis/examples/mathematics/lean/atik/.lake/packages/proofwidgets/.lake/build/lib/lean:/Users/eatik_1/git/cee/kleis/examples/mathematics/lean/atik/.lake/packages/importGraph/.lake/build/lib/lean:/Users/eatik_1/git/cee/kleis/examples/mathematics/lean/atik/.lake/packages/LeanSearchClient/.lake/build/lib/lean:/Users/eatik_1/git/cee/kleis/examples/mathematics/lean/atik/.lake/packages/plausible/.lake/build/lib/lean:/Users/eatik_1/git/cee/kleis/examples/mathematics/lean/atik/.lake/packages/mathlib/.lake/build/lib/lean:/Users/eatik_1/git/cee/kleis/examples/mathematics/lean/atik/.lake/build/lib/lean /Users/eatik_1/.elan/toolchains/leanprover--lean4---v4.29.0-rc6/bin/lean /Users/eatik_1/git/cee/kleis/examples/mathematics/lean/atik/AtikConjecture/BanachConvergence.lean -o /Users/eatik_1/git/cee/kleis/examples/mathematics/lean/atik/.lake/build/lib/lean/AtikConjecture/BanachConvergence.olean -i /Users/eatik_1/git/cee/kleis/examples/mathematics/lean/atik/.lake/build/lib/lean/AtikConjecture/BanachConvergence.ilean -c /Users/eatik_1/git/cee/kleis/examples/mathematics/lean/atik/.lake/build/ir/AtikConjecture/BanachConvergence.c --setup /Users/eatik_1/git/cee/kleis/examples/mathematics/lean/atik/.lake/build/ir/AtikConjecture/BanachConvergence.setup.json --json",
   "level": "trace"}],
 "inputs":
 [["AtikConjecture.BanachConvergence:deps",
   [["deps",
     [["atik/AtikConjecture:extraDep",
       [["@atik:extraDep", "00000000000006bb"]]],
      ["imports",
       [["Mathlib.Topology.Algebra.Order.Field transitive imports (legacy)",
         "73be738fc9432bc6"],
        ["Mathlib.Topology.Algebra.Order.Field:importAllArts",
         "c2663656a41d01a4"],
        ["Mathlib.Topology.Algebra.GroupWithZero transitive imports (legacy)",
         "46ce8f239edf468e"],
        ["Mathlib.Topology.Algebra.GroupWithZero:importAllArts",
         "b6db6e166f43db6f"],
        ["Mathlib.Topology.Instances.Real.Lemmas transitive imports (legacy)",
         "97b4e7fcf0dc2e6b"],
        ["Mathlib.Topology.Instances.Real.Lemmas:importAllArts",
         "1ac7c717ee7b6ec4"],
        ["Mathlib.Tactic.Linarith transitive imports (legacy)",
         "d33a4bf972911c2d"],
        ["Mathlib.Tactic.Linarith:importAllArts", "fa209680394d9575"]]]]],
    ["libs",
     [["import dynlibs", "00000000000006bb"],
      ["package external libraries", "00000000000006bb"],
      ["module dynlibs", "00000000000006bb"],
      ["module plugins", "00000000000006bb"]]]]],
  ["Lean 4.29.0, commit 00659f8e6071d7e46131ed643bf8003b99b044e9",
   "d4ef66a63896cd60"],
  ["/Users/eatik_1/git/cee/kleis/examples/mathematics/lean/atik/AtikConjecture/BanachConvergence.lean",
   "b736e14f9ef55af4"],
  ["options", [["-DautoImplicit=false", "4a85acb881fd49d0"]]],
  ["isModule: false", "feefd2a0d3a1847e"],
  ["Module.name: AtikConjecture.BanachConvergence", "8749339c266f5ad7"],
  ["Package.id?: (some atik)", "9a0526596a886899"],
  ["Module.leanArgs: #[]", "00000000000006bb"]],
 "depHash": "05f9147e99736195"}