{"synthetic": false,
 "schemaVersion": "2025-09-10",
 "outputs":
 {"o": ["6930c46eab52aa70.olean"],
  "i": "a29540e1f27ae555.ilean",
  "c": "50f699c3ee675fe6.c"},
 "log":
 [{"message":
   ".> LEAN_PATH=/Users/eatik_1/git/cee/kleis/examples/mathematics/lean/atik/.lake/packages/Cli/.lake/build/lib/lean:/Users/eatik_1/git/cee/kleis/examples/mathematics/lean/atik/.lake/packages/batteries/.lake/build/lib/lean:/Users/eatik_1/git/cee/kleis/examples/mathematics/lean/atik/.lake/packages/Qq/.lake/build/lib/lean:/Users/eatik_1/git/cee/kleis/examples/mathematics/lean/atik/.lake/packages/aesop/.lake/build/lib/lean:/Users/eatik_1/git/cee/kleis/examples/mathematics/lean/atik/.lake/packages/proofwidgets/.lake/build/lib/lean:/Users/eatik_1/git/cee/kleis/examples/mathematics/lean/atik/.lake/packages/importGraph/.lake/build/lib/lean:/Users/eatik_1/git/cee/kleis/examples/mathematics/lean/atik/.lake/packages/LeanSearchClient/.lake/build/lib/lean:/Users/eatik_1/git/cee/kleis/examples/mathematics/lean/atik/.lake/packages/plausible/.lake/build/lib/lean:/Users/eatik_1/git/cee/kleis/examples/mathematics/lean/atik/.lake/packages/mathlib/.lake/build/lib/lean:/Users/eatik_1/git/cee/kleis/examples/mathematics/lean/atik/.lake/build/lib/lean /Users/eatik_1/.elan/toolchains/leanprover--lean4---v4.29.0-rc6/bin/lean /Users/eatik_1/git/cee/kleis/examples/mathematics/lean/atik/AtikConjecture/BlockExtension.lean -o /Users/eatik_1/git/cee/kleis/examples/mathematics/lean/atik/.lake/build/lib/lean/AtikConjecture/BlockExtension.olean -i /Users/eatik_1/git/cee/kleis/examples/mathematics/lean/atik/.lake/build/lib/lean/AtikConjecture/BlockExtension.ilean -c /Users/eatik_1/git/cee/kleis/examples/mathematics/lean/atik/.lake/build/ir/AtikConjecture/BlockExtension.c --setup /Users/eatik_1/git/cee/kleis/examples/mathematics/lean/atik/.lake/build/ir/AtikConjecture/BlockExtension.setup.json --json",
   "level": "trace"}],
 "inputs":
 [["AtikConjecture.BlockExtension:deps",
   [["deps",
     [["atik/AtikConjecture:extraDep",
       [["@atik:extraDep", "00000000000006bb"]]],
      ["imports",
       [["AtikConjecture.Basic transitive imports (legacy)",
         "6113d5ea75109fa2"],
        ["AtikConjecture.Basic:importAllArts", "7a2805f496200762"],
        ["Mathlib.Data.Matrix.Block transitive imports (legacy)",
         "7a103676704e6adc"],
        ["Mathlib.Data.Matrix.Block:importAllArts", "2da7328780f40a61"]]]]],
    ["libs",
     [["import dynlibs", "00000000000006bb"],
      ["package external libraries", "00000000000006bb"],
      ["module dynlibs", "00000000000006bb"],
      ["module plugins", "00000000000006bb"]]]]],
  ["Lean 4.29.0, commit 00659f8e6071d7e46131ed643bf8003b99b044e9",
   "d4ef66a63896cd60"],
  ["/Users/eatik_1/git/cee/kleis/examples/mathematics/lean/atik/AtikConjecture/BlockExtension.lean",
   "01248d6cdcc323e2"],
  ["options", [["-DautoImplicit=false", "4a85acb881fd49d0"]]],
  ["isModule: false", "feefd2a0d3a1847e"],
  ["Module.name: AtikConjecture.BlockExtension", "3f54407624ac3012"],
  ["Package.id?: (some atik)", "9a0526596a886899"],
  ["Module.leanArgs: #[]", "00000000000006bb"]],
 "depHash": "cc328e660cc9ca22"}