{"synthetic": false,
 "schemaVersion": "2025-09-10",
 "outputs":
 {"o": ["d16bed23da05c869.olean"],
  "i": "6a764784aa7a6090.ilean",
  "c": "e85d4ba3a71cac38.c"},
 "log":
 [{"message":
   ".> LEAN_PATH=/Users/eatik_1/git/cee/kleis/examples/mathematics/lean/atik/.lake/packages/Cli/.lake/build/lib/lean:/Users/eatik_1/git/cee/kleis/examples/mathematics/lean/atik/.lake/packages/batteries/.lake/build/lib/lean:/Users/eatik_1/git/cee/kleis/examples/mathematics/lean/atik/.lake/packages/Qq/.lake/build/lib/lean:/Users/eatik_1/git/cee/kleis/examples/mathematics/lean/atik/.lake/packages/aesop/.lake/build/lib/lean:/Users/eatik_1/git/cee/kleis/examples/mathematics/lean/atik/.lake/packages/proofwidgets/.lake/build/lib/lean:/Users/eatik_1/git/cee/kleis/examples/mathematics/lean/atik/.lake/packages/importGraph/.lake/build/lib/lean:/Users/eatik_1/git/cee/kleis/examples/mathematics/lean/atik/.lake/packages/LeanSearchClient/.lake/build/lib/lean:/Users/eatik_1/git/cee/kleis/examples/mathematics/lean/atik/.lake/packages/plausible/.lake/build/lib/lean:/Users/eatik_1/git/cee/kleis/examples/mathematics/lean/atik/.lake/packages/mathlib/.lake/build/lib/lean:/Users/eatik_1/git/cee/kleis/examples/mathematics/lean/atik/.lake/build/lib/lean /Users/eatik_1/.elan/toolchains/leanprover--lean4---v4.29.0-rc6/bin/lean /Users/eatik_1/git/cee/kleis/examples/mathematics/lean/atik/AtikConjecture/Convergence.lean -o /Users/eatik_1/git/cee/kleis/examples/mathematics/lean/atik/.lake/build/lib/lean/AtikConjecture/Convergence.olean -i /Users/eatik_1/git/cee/kleis/examples/mathematics/lean/atik/.lake/build/lib/lean/AtikConjecture/Convergence.ilean -c /Users/eatik_1/git/cee/kleis/examples/mathematics/lean/atik/.lake/build/ir/AtikConjecture/Convergence.c --setup /Users/eatik_1/git/cee/kleis/examples/mathematics/lean/atik/.lake/build/ir/AtikConjecture/Convergence.setup.json --json",
   "level": "trace"}],
 "inputs":
 [["AtikConjecture.Convergence:deps",
   [["deps",
     [["atik/AtikConjecture:extraDep",
       [["@atik:extraDep", "00000000000006bb"]]],
      ["imports",
       [["AtikConjecture.Basic transitive imports (legacy)",
         "6113d5ea75109fa2"],
        ["AtikConjecture.Basic:importAllArts", "7a2805f496200762"],
        ["Mathlib.Data.Complex.Basic transitive imports (legacy)",
         "c840be008b524277"],
        ["Mathlib.Data.Complex.Basic:importAllArts", "b3d2dfd47819099f"],
        ["Mathlib.Data.Matrix.Basic transitive imports (legacy)",
         "6f93f6cf14803284"],
        ["Mathlib.Data.Matrix.Basic:importAllArts", "6ccfe584a3b0efff"],
        ["Mathlib.LinearAlgebra.Matrix.Defs transitive imports (legacy)",
         "d08a1662525c4758"],
        ["Mathlib.LinearAlgebra.Matrix.Defs:importAllArts", "bbd30dfa4163d7f8"],
        ["Mathlib.Tactic.FinCases transitive imports (legacy)",
         "b529a8ac01d36b07"],
        ["Mathlib.Tactic.FinCases:importAllArts", "ac46e55acfe71c3f"],
        ["Mathlib.Tactic.LinearCombination transitive imports (legacy)",
         "7b475ff10a843c1e"],
        ["Mathlib.Tactic.LinearCombination:importAllArts",
         "d23a7383741f7d41"]]]]],
    ["libs",
     [["import dynlibs", "00000000000006bb"],
      ["package external libraries", "00000000000006bb"],
      ["module dynlibs", "00000000000006bb"],
      ["module plugins", "00000000000006bb"]]]]],
  ["Lean 4.29.0, commit 00659f8e6071d7e46131ed643bf8003b99b044e9",
   "d4ef66a63896cd60"],
  ["/Users/eatik_1/git/cee/kleis/examples/mathematics/lean/atik/AtikConjecture/Convergence.lean",
   "76eabc20f264861f"],
  ["options", [["-DautoImplicit=false", "4a85acb881fd49d0"]]],
  ["isModule: false", "feefd2a0d3a1847e"],
  ["Module.name: AtikConjecture.Convergence", "b45d136000de4bbc"],
  ["Package.id?: (some atik)", "9a0526596a886899"],
  ["Module.leanArgs: #[]", "00000000000006bb"]],
 "depHash": "6ea24a06edae8c1a"}