{"synthetic": false,
 "schemaVersion": "2025-09-10",
 "outputs":
 {"o": ["82d3e0a181b25f6e.olean"],
  "i": "edf3913c648436ea.ilean",
  "c": "45418182253d42f7.c"},
 "log":
 [{"message":
   ".> LEAN_PATH=/Users/eatik_1/git/cee/kleis/examples/mathematics/lean/atik/.lake/packages/Cli/.lake/build/lib/lean:/Users/eatik_1/git/cee/kleis/examples/mathematics/lean/atik/.lake/packages/batteries/.lake/build/lib/lean:/Users/eatik_1/git/cee/kleis/examples/mathematics/lean/atik/.lake/packages/Qq/.lake/build/lib/lean:/Users/eatik_1/git/cee/kleis/examples/mathematics/lean/atik/.lake/packages/aesop/.lake/build/lib/lean:/Users/eatik_1/git/cee/kleis/examples/mathematics/lean/atik/.lake/packages/proofwidgets/.lake/build/lib/lean:/Users/eatik_1/git/cee/kleis/examples/mathematics/lean/atik/.lake/packages/importGraph/.lake/build/lib/lean:/Users/eatik_1/git/cee/kleis/examples/mathematics/lean/atik/.lake/packages/LeanSearchClient/.lake/build/lib/lean:/Users/eatik_1/git/cee/kleis/examples/mathematics/lean/atik/.lake/packages/plausible/.lake/build/lib/lean:/Users/eatik_1/git/cee/kleis/examples/mathematics/lean/atik/.lake/packages/mathlib/.lake/build/lib/lean:/Users/eatik_1/git/cee/kleis/examples/mathematics/lean/atik/.lake/build/lib/lean /Users/eatik_1/.elan/toolchains/leanprover--lean4---v4.29.0-rc6/bin/lean /Users/eatik_1/git/cee/kleis/examples/mathematics/lean/atik/AtikConjecture/StructureTheorem.lean -o /Users/eatik_1/git/cee/kleis/examples/mathematics/lean/atik/.lake/build/lib/lean/AtikConjecture/StructureTheorem.olean -i /Users/eatik_1/git/cee/kleis/examples/mathematics/lean/atik/.lake/build/lib/lean/AtikConjecture/StructureTheorem.ilean -c /Users/eatik_1/git/cee/kleis/examples/mathematics/lean/atik/.lake/build/ir/AtikConjecture/StructureTheorem.c --setup /Users/eatik_1/git/cee/kleis/examples/mathematics/lean/atik/.lake/build/ir/AtikConjecture/StructureTheorem.setup.json --json",
   "level": "trace"}],
 "inputs":
 [["AtikConjecture.StructureTheorem:deps",
   [["deps",
     [["atik/AtikConjecture:extraDep",
       [["@atik:extraDep", "00000000000006bb"]]],
      ["imports",
       [["Mathlib.LinearAlgebra.Matrix.Defs transitive imports (legacy)",
         "d08a1662525c4758"],
        ["Mathlib.LinearAlgebra.Matrix.Defs:importAllArts", "bbd30dfa4163d7f8"],
        ["Mathlib.LinearAlgebra.Matrix.ConjTranspose transitive imports (legacy)",
         "8655c0ee41c85e44"],
        ["Mathlib.LinearAlgebra.Matrix.ConjTranspose:importAllArts",
         "4cc87215b7777ae4"],
        ["Mathlib.LinearAlgebra.Matrix.DotProduct transitive imports (legacy)",
         "cbb438ac2b906ea0"],
        ["Mathlib.LinearAlgebra.Matrix.DotProduct:importAllArts",
         "c06178557529a28c"],
        ["Mathlib.Data.Matrix.Mul transitive imports (legacy)",
         "af3166197ef95f9a"],
        ["Mathlib.Data.Matrix.Mul:importAllArts", "117e836787585e2b"],
        ["Mathlib.Data.Complex.Basic transitive imports (legacy)",
         "c840be008b524277"],
        ["Mathlib.Data.Complex.Basic:importAllArts", "b3d2dfd47819099f"],
        ["Mathlib.Analysis.Complex.Basic transitive imports (legacy)",
         "b21dda51a587123c"],
        ["Mathlib.Analysis.Complex.Basic:importAllArts", "9c58b61b20440d38"],
        ["Mathlib.Tactic.Ring transitive imports (legacy)", "109a2e447170b0b4"],
        ["Mathlib.Tactic.Ring:importAllArts", "8e9d8a40c42f8995"],
        ["Mathlib.Tactic.Linarith transitive imports (legacy)",
         "d33a4bf972911c2d"],
        ["Mathlib.Tactic.Linarith:importAllArts", "fa209680394d9575"],
        ["Mathlib.Tactic.LinearCombination transitive imports (legacy)",
         "7b475ff10a843c1e"],
        ["Mathlib.Tactic.LinearCombination:importAllArts",
         "d23a7383741f7d41"]]]]],
    ["libs",
     [["import dynlibs", "00000000000006bb"],
      ["package external libraries", "00000000000006bb"],
      ["module dynlibs", "00000000000006bb"],
      ["module plugins", "00000000000006bb"]]]]],
  ["Lean 4.29.0, commit 00659f8e6071d7e46131ed643bf8003b99b044e9",
   "d4ef66a63896cd60"],
  ["/Users/eatik_1/git/cee/kleis/examples/mathematics/lean/atik/AtikConjecture/StructureTheorem.lean",
   "badf53cbcedeb680"],
  ["options", [["-DautoImplicit=false", "4a85acb881fd49d0"]]],
  ["isModule: false", "feefd2a0d3a1847e"],
  ["Module.name: AtikConjecture.StructureTheorem", "ef034718e010668a"],
  ["Package.id?: (some atik)", "9a0526596a886899"],
  ["Module.leanArgs: #[]", "00000000000006bb"]],
 "depHash": "f9e5ec683696bc0e"}