{"synthetic": false,
 "schemaVersion": "2025-09-10",
 "outputs":
 {"o": ["795ba2d975bebd9b.olean"],
  "i": "24a375c9d77e0779.ilean",
  "c": "e50c6f6753e53995.c"},
 "log":
 [{"message":
   ".> LEAN_PATH=/Users/eatik_1/git/cee/kleis/examples/mathematics/lean/atik/.lake/packages/Cli/.lake/build/lib/lean:/Users/eatik_1/git/cee/kleis/examples/mathematics/lean/atik/.lake/packages/batteries/.lake/build/lib/lean:/Users/eatik_1/git/cee/kleis/examples/mathematics/lean/atik/.lake/packages/Qq/.lake/build/lib/lean:/Users/eatik_1/git/cee/kleis/examples/mathematics/lean/atik/.lake/packages/aesop/.lake/build/lib/lean:/Users/eatik_1/git/cee/kleis/examples/mathematics/lean/atik/.lake/packages/proofwidgets/.lake/build/lib/lean:/Users/eatik_1/git/cee/kleis/examples/mathematics/lean/atik/.lake/packages/importGraph/.lake/build/lib/lean:/Users/eatik_1/git/cee/kleis/examples/mathematics/lean/atik/.lake/packages/LeanSearchClient/.lake/build/lib/lean:/Users/eatik_1/git/cee/kleis/examples/mathematics/lean/atik/.lake/packages/plausible/.lake/build/lib/lean:/Users/eatik_1/git/cee/kleis/examples/mathematics/lean/atik/.lake/packages/mathlib/.lake/build/lib/lean:/Users/eatik_1/git/cee/kleis/examples/mathematics/lean/atik/.lake/build/lib/lean /Users/eatik_1/.elan/toolchains/leanprover--lean4---v4.29.0-rc6/bin/lean /Users/eatik_1/git/cee/kleis/examples/mathematics/lean/atik/AtikConjecture/VarianceReduction.lean -o /Users/eatik_1/git/cee/kleis/examples/mathematics/lean/atik/.lake/build/lib/lean/AtikConjecture/VarianceReduction.olean -i /Users/eatik_1/git/cee/kleis/examples/mathematics/lean/atik/.lake/build/lib/lean/AtikConjecture/VarianceReduction.ilean -c /Users/eatik_1/git/cee/kleis/examples/mathematics/lean/atik/.lake/build/ir/AtikConjecture/VarianceReduction.c --setup /Users/eatik_1/git/cee/kleis/examples/mathematics/lean/atik/.lake/build/ir/AtikConjecture/VarianceReduction.setup.json --json",
   "level": "trace"}],
 "inputs":
 [["AtikConjecture.VarianceReduction:deps",
   [["deps",
     [["atik/AtikConjecture:extraDep",
       [["@atik:extraDep", "00000000000006bb"]]],
      ["imports",
       [["Mathlib.Algebra.BigOperators.Fin transitive imports (legacy)",
         "c1df052d2f07b358"],
        ["Mathlib.Algebra.BigOperators.Fin:importAllArts", "ea584a8537da31b0"],
        ["Mathlib.Algebra.BigOperators.Ring.Finset transitive imports (legacy)",
         "3cd2d53de37724b1"],
        ["Mathlib.Algebra.BigOperators.Ring.Finset:importAllArts",
         "0b4f2e416712dbcf"],
        ["Mathlib.Algebra.Order.BigOperators.Group.Finset transitive imports (legacy)",
         "ecdbb2a5f0f1ad40"],
        ["Mathlib.Algebra.Order.BigOperators.Group.Finset:importAllArts",
         "87e5b68cc28be23c"],
        ["Mathlib.Data.Fintype.BigOperators transitive imports (legacy)",
         "d56664daa461cd6c"],
        ["Mathlib.Data.Fintype.BigOperators:importAllArts", "74c45ffe02442f42"],
        ["Mathlib.Data.Real.Basic transitive imports (legacy)",
         "57fa87d8fbb9435c"],
        ["Mathlib.Data.Real.Basic:importAllArts", "eb71e595a84be9d5"],
        ["Mathlib.Tactic.Ring transitive imports (legacy)", "109a2e447170b0b4"],
        ["Mathlib.Tactic.Ring:importAllArts", "8e9d8a40c42f8995"],
        ["Mathlib.Tactic.Linarith transitive imports (legacy)",
         "d33a4bf972911c2d"],
        ["Mathlib.Tactic.Linarith:importAllArts", "fa209680394d9575"],
        ["Mathlib.Tactic.NormNum transitive imports (legacy)",
         "f5b5c89a16a19395"],
        ["Mathlib.Tactic.NormNum:importAllArts", "36f6c6501329d5ba"]]]]],
    ["libs",
     [["import dynlibs", "00000000000006bb"],
      ["package external libraries", "00000000000006bb"],
      ["module dynlibs", "00000000000006bb"],
      ["module plugins", "00000000000006bb"]]]]],
  ["Lean 4.29.0, commit 00659f8e6071d7e46131ed643bf8003b99b044e9",
   "d4ef66a63896cd60"],
  ["/Users/eatik_1/git/cee/kleis/examples/mathematics/lean/atik/AtikConjecture/VarianceReduction.lean",
   "b691df95dfbee91e"],
  ["options", [["-DautoImplicit=false", "4a85acb881fd49d0"]]],
  ["isModule: false", "feefd2a0d3a1847e"],
  ["Module.name: AtikConjecture.VarianceReduction", "22be265da459f77a"],
  ["Package.id?: (some atik)", "9a0526596a886899"],
  ["Module.leanArgs: #[]", "00000000000006bb"]],
 "depHash": "ab582352d9f4e12a"}